23:40:59.335 [main                     ] DEBUG Logger               - Configured Logger
23:40:59.353 [main                     ] DEBUG GameApplication      - Logging settings
Title: RPG
Version: 0.0
Width: 1280
Height: 720
Fullscreen: true
Intro: false
Profiling: false
Single step:false
App Mode: DEVELOPER
Menu Key: ESCAPE
Stage Style: DECORATED
Scene Factory: class com.almasb.fxgl.app.scene.SceneFactory

23:40:59.756 [JavaFX Application Thread] DEBUG FXGLApplication      - Initializing FXGL
23:40:59.759 [JavaFX Application Thread] INFO  Engine               - FXGL-21.1 (27.03.2024 07.52) on WINDOWS (J:21.0.2 FX:21.0.1)
23:40:59.760 [JavaFX Application Thread] DEBUG Engine               - JRE Vendor Name: Oracle Corporation
23:40:59.760 [JavaFX Application Thread] DEBUG Engine               - Running on OS: Windows 10 version 10.0
23:40:59.760 [JavaFX Application Thread] DEBUG Engine               - Architecture: amd64
23:40:59.760 [JavaFX Application Thread] INFO  Engine               - Source code and latest versions at: https://github.com/AlmasB/FXGL
23:40:59.760 [JavaFX Application Thread] INFO  Engine               -       Ask questions and discuss at: https://github.com/AlmasB/FXGL/discussions
23:40:59.761 [JavaFX Application Thread] INFO  Engine               -              Join the FXGL chat at: https://gitter.im/AlmasB/FXGL
23:40:59.848 [JavaFX Application Thread] DEBUG PrimaryStageWindow   - Creating a JavaFX scene
23:40:59.886 [JavaFX Application Thread] DEBUG PrimaryStageWindow   - Target settings size: 1280.0 x 720.0
23:40:59.887 [JavaFX Application Thread] DEBUG PrimaryStageWindow   - Scaled scene size:    1280.0 x 720.0
23:40:59.887 [JavaFX Application Thread] DEBUG PrimaryStageWindow   - Scaled ratio: (1.0, 1.0)
23:40:59.888 [JavaFX Application Thread] DEBUG PrimaryStageWindow   - Set initial scene to FXGLStartupScene
23:40:59.892 [JavaFX Application Thread] DEBUG PrimaryStageWindow   - Opening main window
23:40:59.960 [JavaFX Application Thread] DEBUG PrimaryStageWindow   - Window border size: (16.0, 39.0)
23:40:59.961 [JavaFX Application Thread] DEBUG PrimaryStageWindow   - Scaled size: 1280.0 x 720.0
23:40:59.961 [JavaFX Application Thread] DEBUG PrimaryStageWindow   - Scaled ratio: (1.0, 1.0)
23:40:59.961 [JavaFX Application Thread] DEBUG PrimaryStageWindow   - Scene size: 1280.0 x 720.0
23:40:59.961 [JavaFX Application Thread] DEBUG PrimaryStageWindow   - Stage size: 1296.0 x 759.0
23:40:59.966 [FXGL Background Thread 1 ] DEBUG Engine               - Initializing environment variables
23:41:00.006 [FXGL Background Thread 1 ] DEBUG FXGLAssetLoaderServi - User app class for loading assets: class com.cck.rpg.FXGLApp
23:41:00.006 [FXGL Background Thread 1 ] DEBUG GameApplicationServi - Applying CSS: fxgl_dark.css
23:41:00.007 [FXGL Background Thread 1 ] DEBUG FXGLAssetLoaderServi - Loading from file system: jar:file:/C:/Users/santo/.m2/repository/com/github/almasb/fxgl/21.1/fxgl-21.1.jar!/fxglassets/ui/css/fxgl_dark.css
23:41:00.041 [FXGL Background Thread 1 ] DEBUG GameApplicationServi - Initializing application scenes
23:41:00.066 [FXGL Background Thread 1 ] DEBUG GameWorld            - Game world initialized
23:41:00.109 [FXGL Background Thread 1 ] DEBUG PhysicsWorld         - Physics world initialized: appHeight=720, physics.ppm=50,0
23:41:00.109 [FXGL Background Thread 1 ] DEBUG PhysicsWorld         - Using strategy: BRUTE_FORCE
23:41:00.112 [FXGL Background Thread 1 ] DEBUG GameScene            - Game scene initialized: 1280x720
23:41:00.122 [FXGL Background Thread 1 ] DEBUG FXGL.DefaultMenu     - createMenuBodyGameMenu()
23:41:00.134 [FXGL Background Thread 1 ] DEBUG FXGL.DefaultMenu     - createOptionsMenu()
23:41:00.143 [FXGL Background Thread 1 ] DEBUG FXGLAssetLoaderServi - Loading from file system: jar:file:/C:/Users/santo/.m2/repository/com/github/almasb/fxgl/21.1/fxgl-21.1.jar!/fxglassets/textures/particles/smoke.png
23:41:00.218 [FXGL Background Thread 1 ] DEBUG FXGLAssetLoaderServi - Loading from file system: jar:file:/C:/Users/santo/.m2/repository/com/github/almasb/fxgl/21.1/fxgl-21.1.jar!/fxglassets/textures/particles/trace_horizontal.png
23:41:00.242 [FXGL Background Thread 1 ] DEBUG GameApplicationServi - Application scenes initialized
23:41:00.252 [FXGL Background Thread 1 ] DEBUG SystemBundleService  - Loading FXGL system data
23:41:00.257 [FXGL Background Thread 1 ] DEBUG FileSystemAccess     - Reading from: D:\programcao\codes\Java\RPG\rpg\system\fxgl.bundle
23:41:00.264 [FXGL Background Thread 1 ] DEBUG SystemBundleService  - Bundle FXGL: {}
23:41:00.264 [FXGL Background Thread 1 ] DEBUG UpdaterService       - Checking for updates
23:41:00.266 [FXGL Background Thread 4 ] DEBUG FXGLApplication      - Loading fonts
23:41:00.267 [FXGL Background Thread 4 ] DEBUG FXGLAssetLoaderServi - Loading from file system: jar:file:/C:/Users/santo/.m2/repository/com/github/almasb/fxgl/21.1/fxgl-21.1.jar!/fxglassets/ui/fonts/VarelaRound-Regular.ttf
23:41:00.267 [FXGL Background Thread 1 ] DEBUG FXGLApplication      - Loading default localization
23:41:00.267 [FXGL Background Thread 1 ] DEBUG FXGLAssetLoaderServi - Loading from file system: jar:file:/C:/Users/santo/.m2/repository/com/github/almasb/fxgl/21.1/fxgl-21.1.jar!/fxglassets/languages/english.lang
23:41:00.282 [FXGL Background Thread 1 ] INFO  FXGLApplication      - FXGL initialization took: 0,315 sec
23:41:00.283 [JavaFX Application Thread] DEBUG FXGLAssetLoaderServi - Loading from file system: jar:file:/C:/Users/santo/.m2/repository/com/github/almasb/fxgl/21.1/fxgl-21.1.jar!/fxglassets/textures/fxgl_icon.png
23:41:00.293 [FXGL Background Thread 4 ] DEBUG FXGLAssetLoaderServi - Loading from file system: jar:file:/C:/Users/santo/.m2/repository/com/github/almasb/fxgl/21.1/fxgl-21.1.jar!/fxglassets/ui/fonts/Abel-Regular.ttf
23:41:00.295 [FXGL Background Thread 4 ] DEBUG FXGLAssetLoaderServi - Loading from file system: jar:file:/C:/Users/santo/.m2/repository/com/github/almasb/fxgl/21.1/fxgl-21.1.jar!/fxglassets/ui/fonts/TerminalLandMono-Regular.otf
23:41:00.298 [FXGL Background Thread 4 ] DEBUG FXGLAssetLoaderServi - Loading from file system: jar:file:/C:/Users/santo/.m2/repository/com/github/almasb/fxgl/21.1/fxgl-21.1.jar!/fxglassets/ui/fonts/Courier-Prime.ttf
23:41:00.303 [JavaFX Application Thread] DEBUG FXGLAssetLoaderServi - Loading from file system: jar:file:/C:/Users/santo/.m2/repository/com/github/almasb/fxgl/21.1/fxgl-21.1.jar!/fxglassets/textures/fxgl_default_cursor.png
23:41:00.311 [JavaFX Application Thread] DEBUG Input                - Registered new binding: Screenshot - CTRL+8
23:41:00.311 [JavaFX Application Thread] DEBUG Input                - Registered new binding: System info dump - CTRL+9
23:41:00.312 [JavaFX Application Thread] DEBUG Input                - Registered new binding: Restart - CTRL+R
23:41:00.312 [JavaFX Application Thread] DEBUG Input                - Registered new binding: Toggle Debug Camera - CTRL+7
23:41:00.314 [JavaFX Application Thread] DEBUG LoopRunner           - Starting loop
23:41:00.314 [JavaFX Application Thread] DEBUG LoopRunner           - Initializing JavaFX AnimationTimerLoop
23:41:00.315 [JavaFX Application Thread] DEBUG GameApplicationServi - Starting new game
23:41:00.315 [JavaFX Application Thread] DEBUG Input                - Clearing active input actions
23:41:00.323 [JavaFX Application Thread] DEBUG GameApplicationServi - Removing overlay from FXGLStartupScene and adding to FXGLLoadingScene
23:41:00.324 [JavaFX Application Thread] DEBUG PrimaryStageWindow   - FXGLStartupScene -> FXGLLoadingScene
23:41:00.324 [JavaFX Application Thread] DEBUG GameApplicationServi - Clearing previous game
23:41:00.324 [JavaFX Application Thread] DEBUG GameScene            - Clearing game scene
23:41:00.324 [JavaFX Application Thread] DEBUG GameWorld            - Clearing game world
23:41:00.324 [JavaFX Application Thread] DEBUG PhysicsWorld         - Clearing physics world
23:41:00.325 [FXGL Background Thread 4 ] DEBUG FXGLApplication      - Initializing game
23:41:00.326 [JavaFX Application Thread] DEBUG FXGLApplication      - Registering font factories with UI factory
23:41:00.334 [FXGL Background Thread 4 ] INFO  FXGLApplication      - Game initialization took: 0,009 sec
23:41:00.361 [JavaFX Application Thread] DEBUG Input                - Clearing active input actions
23:41:00.370 [JavaFX Application Thread] DEBUG GameApplicationServi - Removing overlay from FXGLLoadingScene and adding to GameScene
23:41:00.372 [JavaFX Application Thread] DEBUG PrimaryStageWindow   - FXGLLoadingScene -> GameScene
23:41:01.164 [JavaFX Application Thread] DEBUG PrimaryStageWindow   - Push state: FXGLDefaultMenu
23:41:01.167 [JavaFX Application Thread] DEBUG Input                - Clearing active input actions
23:41:01.171 [JavaFX Application Thread] DEBUG GameApplicationServi - Removing overlay from GameScene and adding to FXGLDefaultMenu
23:41:01.171 [JavaFX Application Thread] DEBUG PrimaryStageWindow   - GameScene -> FXGLDefaultMenu
23:41:03.266 [FXGL Background Thread 3 ] DEBUG Engine               - Logging environment variables
23:41:03.266 [FXGL Background Thread 3 ] DEBUG Engine               - achievements: []
23:41:03.266 [FXGL Background Thread 3 ] DEBUG Engine               - actualHeight: 720.0
23:41:03.266 [FXGL Background Thread 3 ] DEBUG Engine               - actualHeightProperty: ReadOnlyDoubleProperty [value: 720.0]
23:41:03.266 [FXGL Background Thread 3 ] DEBUG Engine               - actualWidth: 1280.0
23:41:03.267 [FXGL Background Thread 3 ] DEBUG Engine               - actualWidthProperty: ReadOnlyDoubleProperty [value: 1280.0]
23:41:03.267 [FXGL Background Thread 3 ] DEBUG Engine               - appIcon: fxgl_icon.png
23:41:03.267 [FXGL Background Thread 3 ] DEBUG Engine               - applicationMode: DEVELOPER
23:41:03.267 [FXGL Background Thread 3 ] DEBUG Engine               - cSSList: [fxgl_dark.css]
23:41:03.267 [FXGL Background Thread 3 ] DEBUG Engine               - collisionDetectionStrategy: BRUTE_FORCE
23:41:03.267 [FXGL Background Thread 3 ] DEBUG Engine               - configClass: Optional.empty
23:41:03.267 [FXGL Background Thread 3 ] DEBUG Engine               - credits: []
23:41:03.267 [FXGL Background Thread 3 ] DEBUG Engine               - defaultCursor: CursorInfo(imageName=fxgl_default_cursor.png, hotspotX=7.0, hotspotY=6.0)
23:41:03.267 [FXGL Background Thread 3 ] DEBUG Engine               - devBBoxColorProperty: ObjectProperty [value: 0xff0000ff]
23:41:03.267 [FXGL Background Thread 3 ] DEBUG Engine               - devEnableDebugCameraProperty: BooleanProperty [value: false]
23:41:03.267 [FXGL Background Thread 3 ] DEBUG Engine               - devSensorColorProperty: ObjectProperty [value: 0xffff00ff]
23:41:03.267 [FXGL Background Thread 3 ] DEBUG Engine               - devShowBBoxProperty: BooleanProperty [value: false]
23:41:03.267 [FXGL Background Thread 3 ] DEBUG Engine               - devShowPositionProperty: BooleanProperty [value: false]
23:41:03.267 [FXGL Background Thread 3 ] DEBUG Engine               - enabledMenuItems: []
23:41:03.267 [FXGL Background Thread 3 ] DEBUG Engine               - engineServices: [class com.almasb.fxgl.app.services.FXGLAssetLoaderService, class com.almasb.fxgl.app.FXGLApplication$GameApplicationService, class com.almasb.fxgl.app.services.FXGLDialogService, class com.almasb.fxgl.app.services.IOTaskExecutorService, class com.almasb.fxgl.io.FileSystemService, class com.almasb.fxgl.localization.LocalizationService, class com.almasb.fxgl.app.services.SystemBundleService, class com.almasb.fxgl.profile.SaveLoadService, class com.almasb.fxgl.ui.FXGLUIFactoryServiceProvider, class com.almasb.fxgl.ui.FXGLDialogFactoryServiceProvider, class com.almasb.fxgl.audio.AudioPlayer, class com.almasb.fxgl.notification.impl.NotificationServiceProvider, class com.almasb.fxgl.achievement.AchievementService, class com.almasb.fxgl.cutscene.CutsceneService, class com.almasb.fxgl.minigames.MiniGameService, class com.almasb.fxgl.net.NetService, class com.almasb.fxgl.app.services.UpdaterService, class com.almasb.fxgl.dev.DevService]
23:41:03.267 [FXGL Background Thread 3 ] DEBUG Engine               - fontGame: Abel-Regular.ttf
23:41:03.268 [FXGL Background Thread 3 ] DEBUG Engine               - fontMono: TerminalLandMono-Regular.otf
23:41:03.268 [FXGL Background Thread 3 ] DEBUG Engine               - fontSizeScaleUI: 1.0
23:41:03.268 [FXGL Background Thread 3 ] DEBUG Engine               - fontText: Courier-Prime.ttf
23:41:03.268 [FXGL Background Thread 3 ] DEBUG Engine               - fontUI: VarelaRound-Regular.ttf
23:41:03.268 [FXGL Background Thread 3 ] DEBUG Engine               - fullScreen: BooleanProperty [value: false]
23:41:03.268 [FXGL Background Thread 3 ] DEBUG Engine               - gameDifficulty: MEDIUM
23:41:03.268 [FXGL Background Thread 3 ] DEBUG Engine               - gameDifficultyProperty: ObjectProperty [value: MEDIUM]
23:41:03.268 [FXGL Background Thread 3 ] DEBUG Engine               - globalMusicVolume: 0.5
23:41:03.268 [FXGL Background Thread 3 ] DEBUG Engine               - globalMusicVolumeProperty: DoubleProperty [value: 0.5]
23:41:03.268 [FXGL Background Thread 3 ] DEBUG Engine               - globalSoundVolume: 0.5
23:41:03.268 [FXGL Background Thread 3 ] DEBUG Engine               - globalSoundVolumeProperty: DoubleProperty [value: 0.5]
23:41:03.268 [FXGL Background Thread 3 ] DEBUG Engine               - height: 720
23:41:03.268 [FXGL Background Thread 3 ] DEBUG Engine               - is3D: false
23:41:03.268 [FXGL Background Thread 3 ] DEBUG Engine               - isAndroid: false
23:41:03.268 [FXGL Background Thread 3 ] DEBUG Engine               - isBrowser: false
23:41:03.268 [FXGL Background Thread 3 ] DEBUG Engine               - isClickFeedbackEnabled: false
23:41:03.268 [FXGL Background Thread 3 ] DEBUG Engine               - isCloseConfirmation: false
23:41:03.268 [FXGL Background Thread 3 ] DEBUG Engine               - isDesktop: true
23:41:03.268 [FXGL Background Thread 3 ] DEBUG Engine               - isDeveloperMenuEnabled: false
23:41:03.268 [FXGL Background Thread 3 ] DEBUG Engine               - isEmbedded: false
23:41:03.268 [FXGL Background Thread 3 ] DEBUG Engine               - isEntityPreloadEnabled: true
23:41:03.268 [FXGL Background Thread 3 ] DEBUG Engine               - isExperimentalTiledLargeMap: false
23:41:03.268 [FXGL Background Thread 3 ] DEBUG Engine               - isFileSystemWriteAllowed: true
23:41:03.268 [FXGL Background Thread 3 ] DEBUG Engine               - isFullScreenAllowed: true
23:41:03.268 [FXGL Background Thread 3 ] DEBUG Engine               - isFullScreenFromStart: false
23:41:03.269 [FXGL Background Thread 3 ] DEBUG Engine               - isGameMenuEnabled: true
23:41:03.269 [FXGL Background Thread 3 ] DEBUG Engine               - isIOS: false
23:41:03.269 [FXGL Background Thread 3 ] DEBUG Engine               - isIntroEnabled: false
23:41:03.269 [FXGL Background Thread 3 ] DEBUG Engine               - isLinux: false
23:41:03.269 [FXGL Background Thread 3 ] DEBUG Engine               - isMac: false
23:41:03.269 [FXGL Background Thread 3 ] DEBUG Engine               - isMainMenuEnabled: false
23:41:03.269 [FXGL Background Thread 3 ] DEBUG Engine               - isManualResizeEnabled: false
23:41:03.269 [FXGL Background Thread 3 ] DEBUG Engine               - isMobile: false
23:41:03.269 [FXGL Background Thread 3 ] DEBUG Engine               - isNative: false
23:41:03.269 [FXGL Background Thread 3 ] DEBUG Engine               - isPauseMusicWhenMinimized: true
23:41:03.269 [FXGL Background Thread 3 ] DEBUG Engine               - isPreserveResizeRatio: false
23:41:03.269 [FXGL Background Thread 3 ] DEBUG Engine               - isProfilingEnabled: false
23:41:03.269 [FXGL Background Thread 3 ] DEBUG Engine               - isScaleAffectedOnResize: true
23:41:03.269 [FXGL Background Thread 3 ] DEBUG Engine               - isSingleStep: false
23:41:03.269 [FXGL Background Thread 3 ] DEBUG Engine               - isUserProfileEnabled: false
23:41:03.269 [FXGL Background Thread 3 ] DEBUG Engine               - isWindows: true
23:41:03.269 [FXGL Background Thread 3 ] DEBUG Engine               - language: ObjectProperty [value: ENGLISH]
23:41:03.269 [FXGL Background Thread 3 ] DEBUG Engine               - menuKey: ESCAPE
23:41:03.269 [FXGL Background Thread 3 ] DEBUG Engine               - mouseSensitivity: 0.2
23:41:03.269 [FXGL Background Thread 3 ] DEBUG Engine               - notificationViewClass: class com.almasb.fxgl.notification.view.XboxNotificationView
23:41:03.269 [FXGL Background Thread 3 ] DEBUG Engine               - pixelsPerMeter: 50.0
23:41:03.269 [FXGL Background Thread 3 ] DEBUG Engine               - platform: WINDOWS
23:41:03.269 [FXGL Background Thread 3 ] DEBUG Engine               - prefHeightProperty: ReadOnlyDoubleProperty [value: 720.0]
23:41:03.269 [FXGL Background Thread 3 ] DEBUG Engine               - prefWidthProperty: ReadOnlyDoubleProperty [value: 1280.0]
23:41:03.269 [FXGL Background Thread 3 ] DEBUG Engine               - profileDir: profiles/
23:41:03.269 [FXGL Background Thread 3 ] DEBUG Engine               - profileName: StringProperty [value: DEFAULT]
23:41:03.270 [FXGL Background Thread 3 ] DEBUG Engine               - randomSeed: -1
23:41:03.270 [FXGL Background Thread 3 ] DEBUG Engine               - runtimeInfo: RuntimeInfo(platform=WINDOWS, version=21.1, build=27.03.2024 07.52)
23:41:03.270 [FXGL Background Thread 3 ] DEBUG Engine               - saveFileExt: sav
23:41:03.270 [FXGL Background Thread 3 ] DEBUG Engine               - scaledHeightProp$fxgl: DoubleProperty [bound, value: 720.0]
23:41:03.270 [FXGL Background Thread 3 ] DEBUG Engine               - scaledWidthProp$fxgl: DoubleProperty [bound, value: 1280.0]
23:41:03.270 [FXGL Background Thread 3 ] DEBUG Engine               - sceneFactory: com.almasb.fxgl.app.scene.SceneFactory@452e5ee4
23:41:03.270 [FXGL Background Thread 3 ] DEBUG Engine               - secondsIn24h: 60
23:41:03.270 [FXGL Background Thread 3 ] DEBUG Engine               - soundMenuBack: menu/back.wav
23:41:03.270 [FXGL Background Thread 3 ] DEBUG Engine               - soundMenuPress: menu/press.wav
23:41:03.270 [FXGL Background Thread 3 ] DEBUG Engine               - soundMenuSelect: menu/select.wav
23:41:03.270 [FXGL Background Thread 3 ] DEBUG Engine               - soundNotification: core/notification.wav
23:41:03.270 [FXGL Background Thread 3 ] DEBUG Engine               - stageStyle: DECORATED
23:41:03.270 [FXGL Background Thread 3 ] DEBUG Engine               - supportedLanguages: [ENGLISH, FRENCH, GERMAN, HUNGARIAN, RUSSIAN]
23:41:03.270 [FXGL Background Thread 3 ] DEBUG Engine               - ticksPerSecond: -1
23:41:03.270 [FXGL Background Thread 3 ] DEBUG Engine               - title: RPG
23:41:03.270 [FXGL Background Thread 3 ] DEBUG Engine               - urlGithub: https://github.com/AlmasB/FXGL
23:41:03.270 [FXGL Background Thread 3 ] DEBUG Engine               - urlLeaderboard: http://fxgl-top.herokuapp.com/
23:41:03.270 [FXGL Background Thread 3 ] DEBUG Engine               - urlPOM: https://raw.githubusercontent.com/AlmasB/FXGL/release/README.md
23:41:03.270 [FXGL Background Thread 3 ] DEBUG Engine               - userAppClass: class com.cck.rpg.FXGLApp
23:41:03.270 [FXGL Background Thread 3 ] DEBUG Engine               - version: 0.0
23:41:03.270 [FXGL Background Thread 3 ] DEBUG Engine               - versionCheckDays: 7
23:41:03.270 [FXGL Background Thread 3 ] DEBUG Engine               - width: 1280
23:41:03.270 [FXGL Background Thread 3 ] DEBUG Engine               - Logging services
23:41:03.271 [FXGL Background Thread 3 ] DEBUG Engine               - class com.almasb.fxgl.app.services.FXGLAssetLoaderService
23:41:03.271 [FXGL Background Thread 3 ] DEBUG Engine               - class com.almasb.fxgl.app.FXGLApplication$GameApplicationService
23:41:03.271 [FXGL Background Thread 3 ] DEBUG Engine               - class com.almasb.fxgl.app.services.FXGLDialogService
23:41:03.271 [FXGL Background Thread 3 ] DEBUG Engine               - class com.almasb.fxgl.app.services.IOTaskExecutorService
23:41:03.271 [FXGL Background Thread 3 ] DEBUG Engine               - class com.almasb.fxgl.io.FileSystemService
23:41:03.271 [FXGL Background Thread 3 ] DEBUG Engine               - class com.almasb.fxgl.localization.LocalizationService
23:41:03.271 [FXGL Background Thread 3 ] DEBUG Engine               - class com.almasb.fxgl.app.services.SystemBundleService
23:41:03.271 [FXGL Background Thread 3 ] DEBUG Engine               - class com.almasb.fxgl.profile.SaveLoadService
23:41:03.271 [FXGL Background Thread 3 ] DEBUG Engine               - class com.almasb.fxgl.ui.FXGLUIFactoryServiceProvider
23:41:03.271 [FXGL Background Thread 3 ] DEBUG Engine               - class com.almasb.fxgl.ui.FXGLDialogFactoryServiceProvider
23:41:03.271 [FXGL Background Thread 3 ] DEBUG Engine               - class com.almasb.fxgl.audio.AudioPlayer
23:41:03.271 [FXGL Background Thread 3 ] DEBUG Engine               - class com.almasb.fxgl.notification.impl.NotificationServiceProvider
23:41:03.271 [FXGL Background Thread 3 ] DEBUG Engine               - class com.almasb.fxgl.achievement.AchievementService
23:41:03.271 [FXGL Background Thread 3 ] DEBUG Engine               - class com.almasb.fxgl.cutscene.CutsceneService
23:41:03.271 [FXGL Background Thread 3 ] DEBUG Engine               - class com.almasb.fxgl.minigames.MiniGameService
23:41:03.271 [FXGL Background Thread 3 ] DEBUG Engine               - class com.almasb.fxgl.net.NetService
23:41:03.271 [FXGL Background Thread 3 ] DEBUG Engine               - class com.almasb.fxgl.app.services.UpdaterService
23:41:03.271 [FXGL Background Thread 3 ] DEBUG Engine               - class com.almasb.fxgl.dev.DevService
23:41:03.875 [JavaFX Application Thread] DEBUG FXGL.DefaultMenu     - createContentVideo()
23:41:08.761 [JavaFX Application Thread] DEBUG PrimaryStageWindow   - Pop state: FXGLDefaultMenu
23:41:08.761 [JavaFX Application Thread] DEBUG Input                - Clearing active input actions
23:41:08.761 [JavaFX Application Thread] DEBUG GameApplicationServi - Removing overlay from FXGLDefaultMenu and adding to GameScene
23:41:08.761 [JavaFX Application Thread] DEBUG PrimaryStageWindow   - GameScene <- FXGLDefaultMenu
23:41:10.550 [JavaFX Application Thread] DEBUG PrimaryStageWindow   - Push state: FXGLDefaultMenu
23:41:10.550 [JavaFX Application Thread] DEBUG Input                - Clearing active input actions
23:41:10.551 [JavaFX Application Thread] DEBUG GameApplicationServi - Removing overlay from GameScene and adding to FXGLDefaultMenu
23:41:10.552 [JavaFX Application Thread] DEBUG PrimaryStageWindow   - GameScene -> FXGLDefaultMenu
23:41:15.270 [JavaFX Application Thread] DEBUG PrimaryStageWindow   - Pop state: FXGLDefaultMenu
23:41:15.271 [JavaFX Application Thread] DEBUG Input                - Clearing active input actions
23:41:15.271 [JavaFX Application Thread] DEBUG GameApplicationServi - Removing overlay from FXGLDefaultMenu and adding to GameScene
23:41:15.271 [JavaFX Application Thread] DEBUG PrimaryStageWindow   - GameScene <- FXGLDefaultMenu
23:41:17.027 [JavaFX Application Thread] DEBUG FXGLApplication      - Exiting FXGL
23:41:17.028 [JavaFX Application Thread] DEBUG LoopRunner           - Stopping loop
23:41:17.028 [JavaFX Application Thread] DEBUG SystemBundleService  - Saving FXGL system data
23:41:17.029 [JavaFX Application Thread] DEBUG FileSystemAccess     - Writing to: D:\programcao\codes\Java\RPG\rpg\system\fxgl.bundle
23:41:17.030 [JavaFX Application Thread] DEBUG Async                - Shutting down background threads
23:41:17.031 [JavaFX Application Thread] DEBUG PrimaryStageWindow   - Closing main window
23:41:17.037 [JavaFX Application Thread] DEBUG Logger               - Closing Logger
